Determining if the Q_WS_WIN exist failed with the following output:
Change Dir: /home/pbustos/robocomp/components/beta-robotica-class/chocachoca/CMakeFiles/CMakeTmp

Run Build Command:"/usr/bin/make" "cmTC_6aad0/fast"
/usr/bin/make -f CMakeFiles/cmTC_6aad0.dir/build.make CMakeFiles/cmTC_6aad0.dir/build
make[1]: se entra en el directorio '/home/pbustos/robocomp/components/beta-robotica-class/chocachoca/CMakeFiles/CMakeTmp'
Building CXX object CMakeFiles/cmTC_6aad0.dir/CheckSymbolExists.cxx.o
/usr/bin/c++   -I/usr/include/qt4   -o CMakeFiles/cmTC_6aad0.dir/CheckSymbolExists.cxx.o -c /home/pbustos/robocomp/components/beta-robotica-class/chocachoca/CMakeFiles/CMakeTmp/CheckSymbolExists.cxx
/home/pbustos/robocomp/components/beta-robotica-class/chocachoca/CMakeFiles/CMakeTmp/CheckSymbolExists.cxx: In function ‘int main(int, char**)’:
/home/pbustos/robocomp/components/beta-robotica-class/chocachoca/CMakeFiles/CMakeTmp/CheckSymbolExists.cxx:8:19: error: ‘Q_WS_WIN’ was not declared in this scope
   return ((int*)(&Q_WS_WIN))[argc];
                   ^
CMakeFiles/cmTC_6aad0.dir/build.make:65: recipe for target 'CMakeFiles/cmTC_6aad0.dir/CheckSymbolExists.cxx.o' failed
make[1]: *** [CMakeFiles/cmTC_6aad0.dir/CheckSymbolExists.cxx.o] Error 1
make[1]: se sale del directorio '/home/pbustos/robocomp/components/beta-robotica-class/chocachoca/CMakeFiles/CMakeTmp'
Makefile:126: recipe for target 'cmTC_6aad0/fast' failed
make: *** [cmTC_6aad0/fast] Error 2

File /home/pbustos/robocomp/components/beta-robotica-class/chocachoca/CMakeFiles/CMakeTmp/CheckSymbolExists.cxx:
/* */
#include <QtCore/qglobal.h>

int main(int argc, char** argv)
{
  (void)argv;
#ifndef Q_WS_WIN
  return ((int*)(&Q_WS_WIN))[argc];
#else
  (void)argc;
  return 0;
#endif
}

Determining if the Q_WS_QWS exist failed with the following output:
Change Dir: /home/pbustos/robocomp/components/beta-robotica-class/chocachoca/CMakeFiles/CMakeTmp

Run Build Command:"/usr/bin/make" "cmTC_46a79/fast"
/usr/bin/make -f CMakeFiles/cmTC_46a79.dir/build.make CMakeFiles/cmTC_46a79.dir/build
make[1]: se entra en el directorio '/home/pbustos/robocomp/components/beta-robotica-class/chocachoca/CMakeFiles/CMakeTmp'
Building CXX object CMakeFiles/cmTC_46a79.dir/CheckSymbolExists.cxx.o
/usr/bin/c++   -I/usr/include/qt4   -o CMakeFiles/cmTC_46a79.dir/CheckSymbolExists.cxx.o -c /home/pbustos/robocomp/components/beta-robotica-class/chocachoca/CMakeFiles/CMakeTmp/CheckSymbolExists.cxx
/home/pbustos/robocomp/components/beta-robotica-class/chocachoca/CMakeFiles/CMakeTmp/CheckSymbolExists.cxx: In function ‘int main(int, char**)’:
/home/pbustos/robocomp/components/beta-robotica-class/chocachoca/CMakeFiles/CMakeTmp/CheckSymbolExists.cxx:8:19: error: ‘Q_WS_QWS’ was not declared in this scope
   return ((int*)(&Q_WS_QWS))[argc];
                   ^
CMakeFiles/cmTC_46a79.dir/build.make:65: recipe for target 'CMakeFiles/cmTC_46a79.dir/CheckSymbolExists.cxx.o' failed
make[1]: *** [CMakeFiles/cmTC_46a79.dir/CheckSymbolExists.cxx.o] Error 1
make[1]: se sale del directorio '/home/pbustos/robocomp/components/beta-robotica-class/chocachoca/CMakeFiles/CMakeTmp'
Makefile:126: recipe for target 'cmTC_46a79/fast' failed
make: *** [cmTC_46a79/fast] Error 2

File /home/pbustos/robocomp/components/beta-robotica-class/chocachoca/CMakeFiles/CMakeTmp/CheckSymbolExists.cxx:
/* */
#include <QtCore/qglobal.h>

int main(int argc, char** argv)
{
  (void)argv;
#ifndef Q_WS_QWS
  return ((int*)(&Q_WS_QWS))[argc];
#else
  (void)argc;
  return 0;
#endif
}

Determining if the Q_WS_MAC exist failed with the following output:
Change Dir: /home/pbustos/robocomp/components/beta-robotica-class/chocachoca/CMakeFiles/CMakeTmp

Run Build Command:"/usr/bin/make" "cmTC_7faeb/fast"
/usr/bin/make -f CMakeFiles/cmTC_7faeb.dir/build.make CMakeFiles/cmTC_7faeb.dir/build
make[1]: se entra en el directorio '/home/pbustos/robocomp/components/beta-robotica-class/chocachoca/CMakeFiles/CMakeTmp'
Building CXX object CMakeFiles/cmTC_7faeb.dir/CheckSymbolExists.cxx.o
/usr/bin/c++   -I/usr/include/qt4   -o CMakeFiles/cmTC_7faeb.dir/CheckSymbolExists.cxx.o -c /home/pbustos/robocomp/components/beta-robotica-class/chocachoca/CMakeFiles/CMakeTmp/CheckSymbolExists.cxx
/home/pbustos/robocomp/components/beta-robotica-class/chocachoca/CMakeFiles/CMakeTmp/CheckSymbolExists.cxx: In function ‘int main(int, char**)’:
/home/pbustos/robocomp/components/beta-robotica-class/chocachoca/CMakeFiles/CMakeTmp/CheckSymbolExists.cxx:8:19: error: ‘Q_WS_MAC’ was not declared in this scope
   return ((int*)(&Q_WS_MAC))[argc];
                   ^
CMakeFiles/cmTC_7faeb.dir/build.make:65: recipe for target 'CMakeFiles/cmTC_7faeb.dir/CheckSymbolExists.cxx.o' failed
make[1]: *** [CMakeFiles/cmTC_7faeb.dir/CheckSymbolExists.cxx.o] Error 1
make[1]: se sale del directorio '/home/pbustos/robocomp/components/beta-robotica-class/chocachoca/CMakeFiles/CMakeTmp'
Makefile:126: recipe for target 'cmTC_7faeb/fast' failed
make: *** [cmTC_7faeb/fast] Error 2

File /home/pbustos/robocomp/components/beta-robotica-class/chocachoca/CMakeFiles/CMakeTmp/CheckSymbolExists.cxx:
/* */
#include <QtCore/qglobal.h>

int main(int argc, char** argv)
{
  (void)argv;
#ifndef Q_WS_MAC
  return ((int*)(&Q_WS_MAC))[argc];
#else
  (void)argc;
  return 0;
#endif
}

Determining if the pthread_create exist failed with the following output:
Change Dir: /home/pbustos/robocomp/components/beta-robotica-class/chocachoca/CMakeFiles/CMakeTmp

Run Build Command:"/usr/bin/make" "cmTC_c2f6e/fast"
/usr/bin/make -f CMakeFiles/cmTC_c2f6e.dir/build.make CMakeFiles/cmTC_c2f6e.dir/build
make[1]: se entra en el directorio '/home/pbustos/robocomp/components/beta-robotica-class/chocachoca/CMakeFiles/CMakeTmp'
Building C object CMakeFiles/cmTC_c2f6e.dir/CheckSymbolExists.c.o
/usr/bin/cc    -o CMakeFiles/cmTC_c2f6e.dir/CheckSymbolExists.c.o   -c /home/pbustos/robocomp/components/beta-robotica-class/chocachoca/CMakeFiles/CMakeTmp/CheckSymbolExists.c
Linking C executable cmTC_c2f6e
/usr/bin/cmake -E cmake_link_script CMakeFiles/cmTC_c2f6e.dir/link.txt --verbose=1
/usr/bin/cc      -rdynamic CMakeFiles/cmTC_c2f6e.dir/CheckSymbolExists.c.o  -o cmTC_c2f6e 
CMakeFiles/cmTC_c2f6e.dir/CheckSymbolExists.c.o: En la función `main':
CheckSymbolExists.c:(.text+0x1b): referencia a `pthread_create' sin definir
collect2: error: ld returned 1 exit status
CMakeFiles/cmTC_c2f6e.dir/build.make:97: recipe for target 'cmTC_c2f6e' failed
make[1]: *** [cmTC_c2f6e] Error 1
make[1]: se sale del directorio '/home/pbustos/robocomp/components/beta-robotica-class/chocachoca/CMakeFiles/CMakeTmp'
Makefile:126: recipe for target 'cmTC_c2f6e/fast' failed
make: *** [cmTC_c2f6e/fast] Error 2

File /home/pbustos/robocomp/components/beta-robotica-class/chocachoca/CMakeFiles/CMakeTmp/CheckSymbolExists.c:
/* */
#include <pthread.h>

int main(int argc, char** argv)
{
  (void)argv;
#ifndef pthread_create
  return ((int*)(&pthread_create))[argc];
#else
  (void)argc;
  return 0;
#endif
}

Determining if the function pthread_create exists in the pthreads failed with the following output:
Change Dir: /home/pbustos/robocomp/components/beta-robotica-class/chocachoca/CMakeFiles/CMakeTmp

Run Build Command:"/usr/bin/make" "cmTC_66bc2/fast"
/usr/bin/make -f CMakeFiles/cmTC_66bc2.dir/build.make CMakeFiles/cmTC_66bc2.dir/build
make[1]: se entra en el directorio '/home/pbustos/robocomp/components/beta-robotica-class/chocachoca/CMakeFiles/CMakeTmp'
Building C object CMakeFiles/cmTC_66bc2.dir/CheckFunctionExists.c.o
/usr/bin/cc   -DCHECK_FUNCTION_EXISTS=pthread_create   -o CMakeFiles/cmTC_66bc2.dir/CheckFunctionExists.c.o   -c /usr/share/cmake-3.10/Modules/CheckFunctionExists.c
Linking C executable cmTC_66bc2
/usr/bin/cmake -E cmake_link_script CMakeFiles/cmTC_66bc2.dir/link.txt --verbose=1
/usr/bin/cc  -DCHECK_FUNCTION_EXISTS=pthread_create    -rdynamic CMakeFiles/cmTC_66bc2.dir/CheckFunctionExists.c.o  -o cmTC_66bc2 -lpthreads 
/usr/bin/ld: no se puede encontrar -lpthreads
collect2: error: ld returned 1 exit status
CMakeFiles/cmTC_66bc2.dir/build.make:97: recipe for target 'cmTC_66bc2' failed
make[1]: *** [cmTC_66bc2] Error 1
make[1]: se sale del directorio '/home/pbustos/robocomp/components/beta-robotica-class/chocachoca/CMakeFiles/CMakeTmp'
Makefile:126: recipe for target 'cmTC_66bc2/fast' failed
make: *** [cmTC_66bc2/fast] Error 2


